<?xml version="1.0" encoding="UTF-8"?>
<!-- Generated by org.testng.reporters.JUnitXMLReporter -->
<testsuite ignored="0" hostname="DESKTOP-MESIN5L" failures="0" tests="3" name="Submit Order Test" time="98.587" errors="0" timestamp="2022-11-13T04:40:50 PST">
  <testcase classname="Tests.SubmitOrderTest" name="submitOrder" time="18.684"/>
  <testcase classname="Tests.SubmitOrderTest" name="submitOrder" time="10.738"/>
  <testcase classname="Tests.SubmitOrderTest" name="OderHistory" time="1.377"/>
</testsuite> <!-- Submit Order Test -->
