<?xml version="1.0" encoding="UTF-8"?>
<!-- Generated by org.testng.reporters.JUnitXMLReporter -->
<testsuite ignored="0" hostname="DESKTOP-MESIN5L" failures="0" tests="3" name="Submit Order Test" time="203.671" errors="0" timestamp="13 Nov 2022 13:21:31 GMT">
  <testcase classname="Tests.SubmitOrderTest" name="submitOrder" time="10.071"/>
  <testcase classname="Tests.SubmitOrderTest" name="submitOrder" time="13.041"/>
  <testcase classname="Tests.SubmitOrderTest" name="OderHistory" time="6.173"/>
</testsuite> <!-- Submit Order Test -->
